C51 COMPILER V9.56.0.0   KEY                                                               05/17/2018 09:56:22 PAGE 1   


C51 COMPILER V9.56.0.0, COMPILATION OF MODULE KEY
OBJECT MODULE PLACED IN .\Objects\key.obj
COMPILER INVOKED BY: D:\Keil_v5\C51\BIN\C51.EXE key.c OPTIMIZE(8,SPEED) BROWSE DEBUG OBJECTEXTEND PRINT(.\Listings\key.l
                    -st) OBJECT(.\Objects\key.obj)

line level    source

   1          #include <STC12C5A60S2.h>
   2          #include "key.h"
   3          /*
   4          
   5          1  2  3  ↑
   6          4  5  6  In
   7          7  8  9  ↓
   8          *  0  √  Out
   9          
  10          */
  11          sbit led = P1^7;
  12          void KeyDelay10ms(void)   //误差 -0.000000000002us
  13          {
  14   1          unsigned char a,b;
  15   1          for(b=249;b>0;b--)
  16   1              for(a=17;a>0;a--);
  17   1      }
  18          
  19          unsigned char KeyScan()
  20          {
  21   1              unsigned char temp;
  22   1              unsigned char dat = NONE;
  23   1              
  24   1              P3 = 0xfe;
  25   1              temp = P3;
  26   1              temp = temp & 0xf0;
  27   1              if (temp != 0xf0)
  28   1              {
  29   2                      KeyDelay10ms();
  30   2                      temp = P3;
  31   2                      temp = temp & 0xf0;
  32   2                      if (temp != 0xf0)
  33   2                      {
  34   3                              temp = P3;
  35   3                              switch (temp)
  36   3                              {
  37   4                                      case 0xee: dat = 1;   break;
  38   4                                      case 0xde: dat = 2;   break;
  39   4                                      case 0xbe: dat = 3;   break;
  40   4                                      case 0x7e: dat = UP;  break;
  41   4                                      default:   dat = NONE;break;
  42   4                              }
  43   3                      }
  44   2                      while (temp != 0xf0)
  45   2                      {
  46   3                              temp = P3;
  47   3                              temp = temp & 0xf0;
  48   3                      }
  49   2              }
  50   1      
  51   1              P3 = 0xfd;
  52   1              temp = P3;
  53   1              temp = temp & 0xf0;
  54   1              if (temp != 0xf0)
C51 COMPILER V9.56.0.0   KEY                                                               05/17/2018 09:56:22 PAGE 2   

  55   1              {
  56   2                      KeyDelay10ms();
  57   2                      temp = P3;
  58   2                      temp = temp & 0xf0;
  59   2                      if (temp != 0xf0)
  60   2                      {
  61   3                              temp = P3;
  62   3                              switch (temp)
  63   3                              {
  64   4                                      case 0xed: dat = 4; break;
  65   4                                      case 0xdd: dat = 5; break;
  66   4                                      case 0xbd: dat = 6; break;
  67   4                                      case 0x7d: dat = IN;break;
  68   4                                      default :  dat = NONE;break;
  69   4                              }
  70   3                      }
  71   2                      while (temp != 0xf0)
  72   2                      {
  73   3                              temp = P3;
  74   3                              temp = temp & 0xf0;
  75   3                      }
  76   2              }
  77   1              
  78   1              P3 = 0xfb;
  79   1              temp = P3;
  80   1              temp = temp & 0xf0;
  81   1              if (temp != 0xf0)
  82   1              {
  83   2                      KeyDelay10ms();
  84   2                      temp = P3;
  85   2                      temp = temp & 0xf0;
  86   2                      if (temp != 0xf0)
  87   2                      {
  88   3                              temp = P3;
  89   3                              switch (temp)
  90   3                              {
  91   4                                      case 0xeb: dat = 7; break;
  92   4                                      case 0xdb: dat = 8; break;
  93   4                                      case 0xbb: dat = 9; break;
  94   4                                      case 0x7b: dat = DOWN; break;
  95   4                                      default:   dat = NONE; break;
  96   4                              }
  97   3                      }
  98   2                      while (temp != 0xf0)
  99   2                      {
 100   3                              temp = P3;
 101   3                              temp = temp & 0xf0;
 102   3                      }
 103   2              }
 104   1              
 105   1              P3 = 0xf7;
 106   1              temp = P3;
 107   1              temp = temp & 0xf0;
 108   1              if (temp != 0xf0)
 109   1              {
 110   2                      KeyDelay10ms();
 111   2                      temp = P3;
 112   2                      temp = temp & 0xf0;
 113   2                      if (temp != 0xf0)
 114   2                      {
 115   3                              temp = P3;
 116   3                              switch (temp)
C51 COMPILER V9.56.0.0   KEY                                                               05/17/2018 09:56:22 PAGE 3   

 117   3                              {
 118   4                                      case 0xe7: dat = DELETE; break;
 119   4                                      case 0xd7: dat = 0; break;
 120   4                                      case 0xb7: dat = OK; break;
 121   4                                      case 0x77: dat = OUT; break;
 122   4                              }
 123   3                      }
 124   2                      while (temp != 0xf0)
 125   2                      {
 126   3                              temp = P3;
 127   3                              temp = temp & 0xf0;
 128   3                      }
 129   2              }
 130   1              return dat;
 131   1      }


MODULE INFORMATION:   STATIC OVERLAYABLE
   CODE SIZE        =    362    ----
   CONSTANT SIZE    =   ----    ----
   XDATA SIZE       =   ----    ----
   PDATA SIZE       =   ----    ----
   DATA SIZE        =   ----       2
   IDATA SIZE       =   ----    ----
   BIT SIZE         =   ----    ----
END OF MODULE INFORMATION.


C51 COMPILATION COMPLETE.  0 WARNING(S),  0 ERROR(S)
