C51 COMPILER V9.56.0.0   OLED                                                              05/20/2018 13:18:16 PAGE 1   


C51 COMPILER V9.56.0.0, COMPILATION OF MODULE OLED
OBJECT MODULE PLACED IN .\Objects\oled.obj
COMPILER INVOKED BY: D:\Keil_v5\C51\BIN\C51.EXE oled.c OPTIMIZE(8,SPEED) BROWSE DEBUG OBJECTEXTEND PRINT(.\Listings\oled
                    -.lst) OBJECT(.\Objects\oled.obj)

line level    source

   1          /*////////////////////////////////////////////////////////////////////////////////       
   2          //本程序只供学习使用，未经作者许可，不得用于其它任何用途
   3          //中景园电子
   4          //店铺地址：http://shop73023976.taobao.com/?spm=2013.1.0.0.M4PqC2
   5          //
   6          //  文 件 名   : main.c
   7          //  版 本 号   : v2.0
   8          //  作    者   : HuangKai
   9          //  生成日期   : 2014-0101
  10          //  最近修改   : 
  11          //  功能描述   : OLED 4接口演示例程(51系列)
  12          //              说明: 
  13          //              ----------------------------------------------------------------
  14          //              GND    电源地
  15          //              VCC  接5V或3.3v电源
  16          //              D0   P1^0（SCL）
  17          //              D1   P1^1（SDA）
  18          //              RES  接P12
  19          //              DC   接P13
  20          //              CS   接P14               
  21          //              ----------------------------------------------------------------
  22                  用     法：     void OLED_Display_On(void)      ；//开启OLED显示    
  23          
  24          //******************************************************************************/
  25          #include "oled.h"
  26          //#include "stdlib.h"
  27          #include "oledfont.h"    
  28          #include "binary.h"
  29          //#include "bmp.h"
  30          //#include "delay.h"
  31          //OLED的显存
  32          //存放格式如下.
  33          //[0]0 1 2 3 ... 127    
  34          //[1]0 1 2 3 ... 127    
  35          //[2]0 1 2 3 ... 127    
  36          //[3]0 1 2 3 ... 127    
  37          //[4]0 1 2 3 ... 127    
  38          //[5]0 1 2 3 ... 127    
  39          //[6]0 1 2 3 ... 127    
  40          //[7]0 1 2 3 ... 127                       
  41          void delay_ms(unsigned int ms)
  42          {                         
  43   1              unsigned int a;
  44   1              while(ms)
  45   1              {
  46   2                      a=1800;
  47   2                      while(a--);
  48   2                      ms--;
  49   2              }
  50   1              return;
  51   1      }
  52          #if OLED_MODE==1
              //向SSD1106写入一个字节。
              //dat:要写入的数据/命令
C51 COMPILER V9.56.0.0   OLED                                                              05/20/2018 13:18:16 PAGE 2   

              //cmd:数据/命令标志 0,表示命令;1,表示数据;
              void OLED_WR_Byte(u8 dat,u8 cmd)
              {
                      DATAOUT(dat);       
                      if(cmd)
                        OLED_DC_Set();
                      else 
                        OLED_DC_Clr();                   
                      OLED_CS_Clr();
                      OLED_WR_Clr();   
                      OLED_WR_Set();
                      OLED_CS_Set();    
                      OLED_DC_Set();   
              }                   
              #else
  70          //向SSD1306写入一个字节。
  71          //dat:要写入的数据/命令
  72          //cmd:数据/命令标志 0,表示命令;1,表示数据;
  73          void OLED_WR_Byte(u8 dat,u8 cmd)
  74          {       
  75   1              u8 i;                     
  76   1              if(cmd)
  77   1                OLED_DC_Set();
  78   1              else 
  79   1                OLED_DC_Clr();                  
  80   1              OLED_CS_Clr();
  81   1              for(i=0;i<8;i++)
  82   1              {                         
  83   2                      OLED_SCLK_Clr();
  84   2                      if(dat&0x80)
  85   2                              {
  86   3                         OLED_SDIN_Set();
  87   3                              }
  88   2      else
  89   2                         OLED_SDIN_Clr();
  90   2                                      OLED_SCLK_Set();
  91   2                      dat<<=1;   
  92   2              }                                                 
  93   1              OLED_CS_Set();
  94   1              OLED_DC_Set();            
  95   1      } 
  96          #endif
  97                  void OLED_Set_Pos(unsigned char x, unsigned char y) 
  98          { 
  99   1              OLED_WR_Byte(0xb0+y,OLED_CMD);
 100   1              OLED_WR_Byte(((x&0xf0)>>4)|0x10,OLED_CMD);
 101   1              OLED_WR_Byte((x&0x0f)|0x01,OLED_CMD); 
 102   1      }         
 103          //开启OLED显示    
 104          void OLED_Display_On(void)
 105          {
 106   1              OLED_WR_Byte(0X8D,OLED_CMD);  //SET DCDC命令
 107   1              OLED_WR_Byte(0X14,OLED_CMD);  //DCDC ON
 108   1              OLED_WR_Byte(0XAF,OLED_CMD);  //DISPLAY ON
 109   1      }
 110          //关闭OLED显示     
 111          void OLED_Display_Off(void)
 112          {
 113   1              OLED_WR_Byte(0X8D,OLED_CMD);  //SET DCDC命令
 114   1              OLED_WR_Byte(0X10,OLED_CMD);  //DCDC OFF
 115   1              OLED_WR_Byte(0XAE,OLED_CMD);  //DISPLAY OFF
 116   1      }                                        
C51 COMPILER V9.56.0.0   OLED                                                              05/20/2018 13:18:16 PAGE 3   

 117          //清屏函数,清完屏,整个屏幕是黑色的!和没点亮一样!!!        
 118          void OLED_Clear(void)  
 119          {  
 120   1              u8 i,n;             
 121   1              for(i=0;i<8;i++)  
 122   1              {  
 123   2                      OLED_WR_Byte (0xb0+i,OLED_CMD);    //设置页地址（0~7）
 124   2                      OLED_WR_Byte (0x00,OLED_CMD);      //设置显示位置―列低地址
 125   2                      OLED_WR_Byte (0x10,OLED_CMD);      //设置显示位置―列高地址   
 126   2                      for(n=0;n<128;n++)OLED_WR_Byte(0,OLED_DATA); 
 127   2              } //更新显示
 128   1      }
 129          
 130          
 131          //在指定位置显示一个字符,包括部分字符
 132          //x:0~127
 133          //y:0~63
 134          //mode:0,反白显示;1,正常显示                             
 135          //size:选择字体 16/12 
 136          void OLED_ShowChar(u8 x,u8 y,u8 chr)
 137          {       
 138   1              unsigned char c=0,i=0;  
 139   1                      c=chr-' ';//得到偏移后的值                      
 140   1                      if(x>Max_Column-1){x=0;y=y+2;}
 141   1                      if(SIZE ==16)
 142   1                              {
 143   2                              OLED_Set_Pos(x,y);      
 144   2                              for(i=0;i<8;i++)
 145   2                              OLED_WR_Byte(F8X16[c*16+i],OLED_DATA);
 146   2                              OLED_Set_Pos(x,y+1);
 147   2                              for(i=0;i<8;i++)
 148   2                              OLED_WR_Byte(F8X16[c*16+i+8],OLED_DATA);
 149   2                              }
 150   1                              else {  
 151   2                                      OLED_Set_Pos(x,y+1);
 152   2                                      for(i=0;i<6;i++)
 153   2                                      OLED_WR_Byte(F6x8[c][i],OLED_DATA);
 154   2                                      
 155   2                              }
 156   1      }
 157          //m^n函数
 158          u32 oled_pow(u8 m,u8 n)
 159          {
 160   1              u32 result=1;    
 161   1              while(n--)result*=m;    
 162   1              return result;
 163   1      }                                 
 164          //显示2个数字
 165          //x,y :起点坐标  
 166          //len :数字的位数
 167          //size:字体大小
 168          //mode:模式     0,填充模式;1,叠加模式
 169          //num:数值(0~4294967295);                         
 170          void OLED_ShowNum(u8 x,u8 y,u32 num,u8 len,u8 size2)
 171          {               
 172   1              u8 t,temp;
 173   1              u8 enshow=0;                                               
 174   1              for(t=0;t<len;t++)
 175   1              {
 176   2                      temp=(num/oled_pow(10,len-t-1))%10;
 177   2                      if(enshow==0&&t<(len-1))
 178   2                      {
C51 COMPILER V9.56.0.0   OLED                                                              05/20/2018 13:18:16 PAGE 4   

 179   3                              if(temp==0)
 180   3                              {
 181   4                                      OLED_ShowChar(x+(size2/2)*t,y,' ');
 182   4                                      continue;
 183   4                              }else enshow=1; 
 184   3                               
 185   3                      }
 186   2                      OLED_ShowChar(x+(size2/2)*t,y,temp+'0'); 
 187   2              }
 188   1      } 
 189          //显示一个字符号串
 190          void OLED_ShowString(u8 x,u8 y,u8 *chr)
 191          {
 192   1              unsigned char j=0;
 193   1              if (y<0 || y>=8) return;
 194   1              while (chr[j]!='\0')
 195   1              {               OLED_ShowChar(x,y,chr[j]);
 196   2                              x+=8;
 197   2                      if(x>120){x=0;y+=2;}
 198   2                              j++;
 199   2              }
 200   1      }
 201          //显示汉字
 202          void OLED_ShowCHinese(u8 x,u8 y,u8 no)
 203          {                           
 204   1              u8 t,adder=0;
 205   1              OLED_Set_Pos(x,y);      
 206   1          for(t=0;t<16;t++)
 207   1                      {
 208   2                                      OLED_WR_Byte(Hzk[2*no][t],OLED_DATA);
 209   2                                      adder+=1;
 210   2           }  
 211   1                      OLED_Set_Pos(x,y+1);    
 212   1          for(t=0;t<16;t++)
 213   1                              {       
 214   2                                      OLED_WR_Byte(Hzk[2*no+1][t],OLED_DATA);
 215   2                                      adder+=1;
 216   2            }                                 
 217   1      }
 218          /***********功能描述：显示显示BMP图片128×64起始点坐标(x,y),x的范围0～127，y为页的范围0～7****************
             -*/
 219          void OLED_DrawBMP(unsigned char x0, unsigned char y0,unsigned char x1, unsigned char y1,unsigned char BMP[
             -])
 220          {       
 221   1       unsigned int j=0;
 222   1       unsigned char x,y;
 223   1        
 224   1        if(y1%8==0) y=y1/8;      
 225   1        else y=y1/8+1;
 226   1              for(y=y0;y<y1;y++)
 227   1              {
 228   2                      OLED_Set_Pos(x0,y);
 229   2          for(x=x0;x<x1;x++)
 230   2                  {      
 231   3                      OLED_WR_Byte(BMP[j++],OLED_DATA);               
 232   3                  }
 233   2              }
 234   1      } 
 235          
 236          
 237          //初始化SSD1306                                     
 238          void OLED_Init(void)
C51 COMPILER V9.56.0.0   OLED                                                              05/20/2018 13:18:16 PAGE 5   

 239          {
 240   1       
 241   1      
 242   1       
 243   1        OLED_RST_Set();
 244   1              delay_ms(100);
 245   1              OLED_RST_Clr();
 246   1              delay_ms(100);
 247   1              OLED_RST_Set(); 
 248   1              /*                                
 249   1              OLED_WR_Byte(0xAE,OLED_CMD);//--turn off oled panel
 250   1              OLED_WR_Byte(0x00,OLED_CMD);//---set low column address
 251   1              OLED_WR_Byte(0x10,OLED_CMD);//---set high column address
 252   1              OLED_WR_Byte(0x40,OLED_CMD);//--set start line address  Set Mapping RAM Display Start Line (0x00~0x3F)
 253   1              OLED_WR_Byte(0x81,OLED_CMD);//--set contrast control register
 254   1              OLED_WR_Byte(0xCF,OLED_CMD); // Set SEG Output Current Brightness
 255   1              OLED_WR_Byte(0xA1,OLED_CMD);//--Set SEG/Column Mapping     0xa0左右反置 0xa1正常
 256   1              OLED_WR_Byte(0xC8,OLED_CMD);//Set COM/Row Scan Direction   0xc0上下反置 0xc8正常
 257   1              OLED_WR_Byte(0xA6,OLED_CMD);//--set normal display
 258   1              OLED_WR_Byte(0xA8,OLED_CMD);//--set multiplex ratio(1 to 64)
 259   1              OLED_WR_Byte(0x3f,OLED_CMD);//--1/64 duty
 260   1              OLED_WR_Byte(0xD3,OLED_CMD);//-set display offset       Shift Mapping RAM Counter (0x00~0x3F)
 261   1              OLED_WR_Byte(0x00,OLED_CMD);//-not offset
 262   1              OLED_WR_Byte(0xd5,OLED_CMD);//--set display clock divide ratio/oscillator frequency
 263   1              OLED_WR_Byte(0x80,OLED_CMD);//--set divide ratio, Set Clock as 100 Frames/Sec
 264   1              OLED_WR_Byte(0xD9,OLED_CMD);//--set pre-charge period
 265   1              OLED_WR_Byte(0xF1,OLED_CMD);//Set Pre-Charge as 15 Clocks & Discharge as 1 Clock
 266   1              OLED_WR_Byte(0xDA,OLED_CMD);//--set com pins hardware configuration
 267   1              OLED_WR_Byte(0x12,OLED_CMD);
 268   1              OLED_WR_Byte(0xDB,OLED_CMD);//--set vcomh
 269   1              OLED_WR_Byte(0x40,OLED_CMD);//Set VCOM Deselect Level
 270   1              OLED_WR_Byte(0x20,OLED_CMD);//-Set Page Addressing Mode (0x00/0x01/0x02)
 271   1              OLED_WR_Byte(0x02,OLED_CMD);//
 272   1              OLED_WR_Byte(0x8D,OLED_CMD);//--set Charge Pump enable/disable
 273   1              OLED_WR_Byte(0x14,OLED_CMD);//--set(0x10) disable
 274   1              OLED_WR_Byte(0xA4,OLED_CMD);// Disable Entire Display On (0xa4/0xa5)
 275   1              OLED_WR_Byte(0xA6,OLED_CMD);// Disable Inverse Display On (0xa6/a7) 
 276   1              OLED_WR_Byte(0xAF,OLED_CMD);//--turn on oled panel
 277   1              */
 278   1      
 279   1              OLED_WR_Byte(0xAE,OLED_CMD);//--turn off oled panel
 280   1              OLED_WR_Byte(0x00,OLED_CMD);//---set low column address
 281   1              OLED_WR_Byte(0x10,OLED_CMD);//---set high column address
 282   1              OLED_WR_Byte(0x40,OLED_CMD);//--set start line address  Set Mapping RAM Display Start Line (0x00~0x3F)
 283   1              OLED_WR_Byte(0x81,OLED_CMD);//--set contrast control register
 284   1              OLED_WR_Byte(0xCF,OLED_CMD); // Set SEG Output Current Brightness
 285   1              OLED_WR_Byte(0xA1,OLED_CMD);//--Set SEG/Column Mapping     0xa0左右反置 0xa1正常
 286   1              OLED_WR_Byte(0xC8,OLED_CMD);//Set COM/Row Scan Direction   0xc0上下反置 0xc8正常
 287   1              OLED_WR_Byte(0xA6,OLED_CMD);//--set normal display
 288   1              OLED_WR_Byte(0xA8,OLED_CMD);//--set multiplex ratio(1 to 64)
 289   1              OLED_WR_Byte(0x3f,OLED_CMD);//--1/64 duty
 290   1              OLED_WR_Byte(0xD3,OLED_CMD);//-set display offset       Shift Mapping RAM Counter (0x00~0x3F)
 291   1              OLED_WR_Byte(0x00,OLED_CMD);//-not offset
 292   1              OLED_WR_Byte(0xd5,OLED_CMD);//--set display clock divide ratio/oscillator frequency
 293   1              OLED_WR_Byte(0x80,OLED_CMD);//--set divide ratio, Set Clock as 100 Frames/Sec
 294   1              OLED_WR_Byte(0xD9,OLED_CMD);//--set pre-charge period
 295   1              OLED_WR_Byte(0xF1,OLED_CMD);//Set Pre-Charge as 15 Clocks & Discharge as 1 Clock
 296   1              OLED_WR_Byte(0xDA,OLED_CMD);//--set com pins hardware configuration
 297   1              OLED_WR_Byte(0x12,OLED_CMD);
 298   1              OLED_WR_Byte(0xDB,OLED_CMD);//--set vcomh
 299   1              OLED_WR_Byte(0x40,OLED_CMD);//Set VCOM Deselect Level
 300   1              OLED_WR_Byte(0x20,OLED_CMD);//-Set Page Addressing Mode (0x00/0x01/0x02)
C51 COMPILER V9.56.0.0   OLED                                                              05/20/2018 13:18:16 PAGE 6   

 301   1              OLED_WR_Byte(0x02,OLED_CMD);//
 302   1              OLED_WR_Byte(0x8D,OLED_CMD);//--set Charge Pump enable/disable
 303   1              OLED_WR_Byte(0x14,OLED_CMD);//--set(0x10) disable
 304   1              OLED_WR_Byte(0xA4,OLED_CMD);// Disable Entire Display On (0xa4/0xa5)
 305   1              OLED_WR_Byte(0xA6,OLED_CMD);// Disable Inverse Display On (0xa6/a7) 
 306   1              OLED_WR_Byte(0xAF,OLED_CMD);//--turn on oled panel
 307   1              
 308   1              OLED_WR_Byte(0xAF,OLED_CMD); /*display ON*/ 
 309   1              OLED_Clear();
 310   1              OLED_Set_Pos(0,0);      
 311   1      }  
 312          
 313          void OLED_rolling_vtcandlev(u8 start, u8 end, u8 y_speed)
 314          {
 315   1              //--------设置滚动方式-------
 316   1              OLED_WR_Byte(0x29,OLED_CMD);    //垂直并向右滚屏(0x29,0x2a)
 317   1              OLED_WR_Byte(0x00,OLED_CMD);    //A空字节
 318   1              OLED_WR_Byte(start,OLED_CMD);           //B定义开始页地址0-7
 319   1              OLED_WR_Byte(5,OLED_CMD);               //C滚动速度，帧频率0-7
 320   1              OLED_WR_Byte(end,OLED_CMD);             //D滚动结束页0-7
 321   1              OLED_WR_Byte(y_speed,OLED_CMD); //E垂直滚屏位移(1-63)
 322   1              OLED_WR_Byte(0x2f,OLED_CMD);    //开启滚动
 323   1              //-----------------设置滚动区域----------------
 324   1              //--------滚动区域的最后一行滚到滚动区域的第一行---
 325   1              
 326   1              //OLED_WR_Byte(0xa3,OLED_CMD);//开始设置垂直滚动区域
 327   1              //OLED_WR_Byte(0,OLED_CMD);             //A:顶层固定行数
 328   1              //OLED_WR_Byte(0x63,OLED_CMD);//B:滚动区域的行数,>模式设置中E
 329   1      }
 330          
 331          void OLED_DrawCube(u8 x,u8 y,u8 color1,u8 color2)
 332          {
 333   1              u8 i;
 334   1              u8 pos_x,pos_y;
 335   1              u8 y_data;
 336   1              pos_x = x*4;
 337   1              pos_y = y/2;
 338   1              if (color1 == 0 && color2 == 0) y_data = B00000000;
 339   1              else if (color1 == 1 && color2 == 0) y_data = B00001111;
 340   1              else if (color1 == 0 && color2 == 1) y_data = B11110000;
 341   1              else y_data = B11111111;
 342   1              
 343   1              for (i=pos_x; i<pos_x+4; i++)
 344   1              {
 345   2                      OLED_Set_Pos(i,pos_y);
 346   2                      OLED_WR_Byte(y_data,OLED_DATA);
 347   2              }
 348   1      }
 349          
 350          
 351          void OLED_Pane8_8(u8 x0,u8 x1,u8 y0,u8 y1,u8 color)
 352          {
 353   1              u8 i,j;
 354   1              if (color == 1) color = B11111111;
 355   1              else color = B00000000;
 356   1              
 357   1              if (x0 % 2 == 1) x0 -= 1;
 358   1              if (x1 % 2 == 1) x1 -= 1;
 359   1              OLED_Set_Pos(x0,y0);
 360   1              for (i=x0; i<=x1; i++)
 361   1              {
 362   2                      OLED_WR_Byte(color,OLED_DATA);
C51 COMPILER V9.56.0.0   OLED                                                              05/20/2018 13:18:16 PAGE 7   

 363   2              }
 364   1              OLED_Set_Pos(x0,y1);
 365   1              for (i=x0; i<=x1; i++)
 366   1              {
 367   2                      OLED_WR_Byte(color,OLED_DATA);
 368   2              }
 369   1              for (i=y0; i<=y1; i++)
 370   1              {
 371   2                      OLED_Set_Pos(x0,i);
 372   2                      for (j=0; j<8; j++)
 373   2                      {
 374   3                              OLED_WR_Byte(color,OLED_DATA);
 375   3                      }
 376   2              }
 377   1              for (i=y0; i<=y1; i++)
 378   1              {
 379   2                      OLED_Set_Pos(x1,i);
 380   2                      for (j=0; j<8; j++)
 381   2                      {
 382   3                              OLED_WR_Byte(color,OLED_DATA);
 383   3                      }
 384   2              }
 385   1      }
*** WARNING C294 IN LINE 151 OF oled.c: unreachable code


MODULE INFORMATION:   STATIC OVERLAYABLE
   CODE SIZE        =   1115    ----
   CONSTANT SIZE    =   2840    ----
   XDATA SIZE       =   ----    ----
   PDATA SIZE       =   ----    ----
   DATA SIZE        =   ----      37
   IDATA SIZE       =   ----    ----
   BIT SIZE         =   ----    ----
END OF MODULE INFORMATION.


C51 COMPILATION COMPLETE.  1 WARNING(S),  0 ERROR(S)
